{
  "RSpec": {
    "coverage": {
      "/Users/mac/code/wdi/robot_factory/spec/robot_spec.rb": [
        null,
        null,
        null,
        null,
        null,
        null,
        null,
        null,
        null,
        null,
        null,
        1,
        null,
        1,
        1,
        1,
        1,
        1,
        null,
        null,
        null
      ],
      "/Users/mac/code/wdi/robot_factory/robot.rb": [
        1,
        null,
        1,
        null,
        1,
        1,
        null,
        null,
        null
      ]
    },
    "timestamp": 1493176510
  }
}
